<?xml version="1.0" encoding="UTF-8"?>
<robot generator="Robot 7.1.1 (Python 3.13.0 on win32)" generated="2025-06-03T19:44:46.952152" rpa="false" schemaversion="5">
<suite id="s1" name="About" source="c:\Users\Jonnas\Documents\dom-heal-poc\Robot Framework\tests\about.robot">
<kw name="Carregar Elementos About" type="SETUP">
<kw name="Load Json From File" owner="JSONLibrary">
<msg time="2025-06-03T19:44:47.584658" level="INFO">${json} = {'menu': '.menu-sobre', 'titulo': "[name='tituloSobre']", 'subtitulo': "[name='subtituloSobre']", 'texto': "[name='blocoTexto']"}</msg>
<var>${json}</var>
<arg>c:\\Users\\Jonnas\\Documents\\dom-heal-poc\\Robot Framework\\tests/../elements/about.json</arg>
<doc>Load JSON from file.</doc>
<status status="PASS" start="2025-06-03T19:44:47.583521" elapsed="0.004364"/>
</kw>
<kw name="Set Suite Variable" owner="BuiltIn">
<msg time="2025-06-03T19:44:47.589746" level="INFO">${ELEMENTOS} = {'menu': '.menu-sobre', 'titulo': "[name='tituloSobre']", 'subtitulo': "[name='subtituloSobre']", 'texto': "[name='blocoTexto']"}</msg>
<arg>${ELEMENTOS}</arg>
<arg>${json}</arg>
<doc>Makes a variable available everywhere within the scope of the current suite.</doc>
<status status="PASS" start="2025-06-03T19:44:47.588476" elapsed="0.001612"/>
</kw>
<status status="PASS" start="2025-06-03T19:44:47.582147" elapsed="0.008213"/>
</kw>
<test id="s1-t1" name="Validar Titulo e Textos da Pagina About" line="13">
<kw name="Evaluate" owner="BuiltIn">
<msg time="2025-06-03T19:44:48.047105" level="FAIL">Evaluating expression "sys.modules['webdriver_manager.chrome'].ChromeDriverManager().install().replace('\\', '/')" failed: SyntaxError: unterminated string literal (detected at line 1) (&lt;string&gt;, line 1)</msg>
<var>${driver_path}</var>
<arg>sys.modules['webdriver_manager.chrome'].ChromeDriverManager().install().replace('\\', '/')</arg>
<arg>sys, webdriver_manager.chrome</arg>
<doc>Evaluates the given expression in Python and returns the result.</doc>
<status status="FAIL" start="2025-06-03T19:44:47.591654" elapsed="0.456462">Evaluating expression "sys.modules['webdriver_manager.chrome'].ChromeDriverManager().install().replace('\\', '/')" failed: SyntaxError: unterminated string literal (detected at line 1) (&lt;string&gt;, line 1)</status>
</kw>
<kw name="Evaluate" owner="BuiltIn">
<var>${options}</var>
<arg>sys.modules['selenium.webdriver'].ChromeOptions()</arg>
<arg>sys, selenium.webdriver</arg>
<doc>Evaluates the given expression in Python and returns the result.</doc>
<status status="NOT RUN" start="2025-06-03T19:44:48.049028" elapsed="0.000340"/>
</kw>
<kw name="Evaluate" owner="BuiltIn">
<var>${service}</var>
<arg>sys.modules['selenium.webdriver.chrome.service'].Service(r"${driver_path}")</arg>
<arg>sys, selenium.webdriver.chrome.service</arg>
<doc>Evaluates the given expression in Python and returns the result.</doc>
<status status="NOT RUN" start="2025-06-03T19:44:48.050291" elapsed="0.000225"/>
</kw>
<kw name="Create Webdriver" owner="SeleniumLibrary">
<arg>Chrome</arg>
<arg>service=${service}</arg>
<arg>options=${options}</arg>
<doc>Creates an instance of Selenium WebDriver.</doc>
<status status="NOT RUN" start="2025-06-03T19:44:48.051203" elapsed="0.000265"/>
</kw>
<kw name="Go To" owner="SeleniumLibrary">
<arg>${URL}</arg>
<doc>Navigates the current browser window to the provided ``url``.</doc>
<status status="NOT RUN" start="2025-06-03T19:44:48.052065" elapsed="0.000176"/>
</kw>
<kw name="Maximize Browser Window" owner="SeleniumLibrary">
<doc>Maximizes current browser window.</doc>
<status status="NOT RUN" start="2025-06-03T19:44:48.053026" elapsed="0.000230"/>
</kw>
<kw name="Click Element" owner="SeleniumLibrary">
<arg>${ELEMENTOS.menu}</arg>
<doc>Click the element identified by ``locator``.</doc>
<status status="NOT RUN" start="2025-06-03T19:44:48.054003" elapsed="0.000221"/>
</kw>
<kw name="Element Should Be Visible" owner="SeleniumLibrary">
<arg>${ELEMENTOS.titulo}</arg>
<doc>Verifies that the element identified by ``locator`` is visible.</doc>
<status status="NOT RUN" start="2025-06-03T19:44:48.055093" elapsed="0.000225"/>
</kw>
<kw name="Element Should Contain" owner="SeleniumLibrary">
<arg>${ELEMENTOS.titulo}</arg>
<arg>About Me</arg>
<doc>Verifies that element ``locator`` contains text ``expected``.</doc>
<status status="NOT RUN" start="2025-06-03T19:44:48.056128" elapsed="0.000277"/>
</kw>
<kw name="Element Should Be Visible" owner="SeleniumLibrary">
<arg>${ELEMENTOS.subtitulo}</arg>
<doc>Verifies that the element identified by ``locator`` is visible.</doc>
<status status="NOT RUN" start="2025-06-03T19:44:48.057555" elapsed="0.000202"/>
</kw>
<kw name="Element Should Contain" owner="SeleniumLibrary">
<arg>${ELEMENTOS.subtitulo}</arg>
<arg>This is what I do.</arg>
<doc>Verifies that element ``locator`` contains text ``expected``.</doc>
<status status="NOT RUN" start="2025-06-03T19:44:48.058294" elapsed="0.000163"/>
</kw>
<kw name="Element Should Be Visible" owner="SeleniumLibrary">
<arg>${ELEMENTOS.texto}</arg>
<doc>Verifies that the element identified by ``locator`` is visible.</doc>
<status status="NOT RUN" start="2025-06-03T19:44:48.059014" elapsed="0.000155"/>
</kw>
<kw name="Get Text" owner="SeleniumLibrary">
<var>${texto}</var>
<arg>${ELEMENTOS.texto}</arg>
<doc>Returns the text value of the element identified by ``locator``.</doc>
<status status="NOT RUN" start="2025-06-03T19:44:48.059691" elapsed="0.000165"/>
</kw>
<kw name="Should Not Be Empty">
<arg>${texto}</arg>
<status status="NOT RUN" start="2025-06-03T19:44:48.060363" elapsed="0.000143"/>
</kw>
<doc>Valida título, subtítulo e texto principal no menu "About"</doc>
<status status="FAIL" start="2025-06-03T19:44:47.590592" elapsed="0.470466">Evaluating expression "sys.modules['webdriver_manager.chrome'].ChromeDriverManager().install().replace('\\', '/')" failed: SyntaxError: unterminated string literal (detected at line 1) (&lt;string&gt;, line 1)</status>
</test>
<kw name="Close Browser" owner="SeleniumLibrary" type="TEARDOWN">
<doc>Closes the current browser.</doc>
<status status="PASS" start="2025-06-03T19:44:48.062890" elapsed="0.000573"/>
</kw>
<status status="FAIL" start="2025-06-03T19:44:46.961694" elapsed="1.102054"/>
</suite>
<statistics>
<total>
<stat pass="0" fail="1" skip="0">All Tests</stat>
</total>
<tag>
</tag>
<suite>
<stat pass="0" fail="1" skip="0" id="s1" name="About">About</stat>
</suite>
</statistics>
<errors>
</errors>
</robot>
